<?xml version="1.0" encoding="UTF-8"?>
<!-- Generated by org.testng.reporters.JUnitReportReporter -->
<testsuite hostname="DESKTOP-1C8Q75N" failures="0" tests="1" name="test.LoginTest" time="2.137" errors="0" timestamp="30 May 2022 17:06:48 GMT" skipped="0">
  <testcase classname="test.LoginTest" name="validUserShouldBeAbleToLogin" time="2.137"/>
</testsuite> <!-- test.LoginTest -->
